build/app/intermediates/manifest_merge_blame_file/debug/manifest-merger-blame-debug-report.txt
1<?xml version="1.0" encoding="utf-8"?>
2<manifest xmlns:android="http://schemas.android.com/apk/res/android"
3    package="com.modanez.pdx.pdx"
4    android:versionCode="1"
5    android:versionName="1.0.0" >
6
7    <uses-sdk
8        android:minSdkVersion="15"
9        android:targetSdkVersion="28" />
10    <!--
11         Flutter needs it to communicate with the running application
12         to allow setting breakpoints, to provide hot reload, etc.
13    -->
14    <uses-permission android:name="android.permission.INTERNET" />
14-->src/main/AndroidManifest.xml:7:5-67
14-->src/main/AndroidManifest.xml:7:22-64
15    <uses-permission android:name="android.permission.WRITE_EXTERNAL_STORAGE" />
15-->src/main/AndroidManifest.xml:5:5-81
15-->src/main/AndroidManifest.xml:5:22-78
16    <uses-permission android:name="android.permission.READ_EXTERNAL_STORAGE" />
16-->src/main/AndroidManifest.xml:6:5-80
16-->src/main/AndroidManifest.xml:6:22-77
17    <uses-permission android:name="android.permission.ACCESS_NETWORK_STATE" />
17-->src/main/AndroidManifest.xml:8:5-79
17-->src/main/AndroidManifest.xml:8:22-76
18    <uses-permission android:name="android.permission.BLUETOOTH" />
18-->src/main/AndroidManifest.xml:9:5-68
18-->src/main/AndroidManifest.xml:9:22-65
19    <uses-permission android:name="android.permission.BLUETOOTH_ADMIN" />
19-->src/main/AndroidManifest.xml:10:5-74
19-->src/main/AndroidManifest.xml:10:22-71
20    <uses-permission android:name="android.permission.WAKE_LOCK" />
20-->src/main/AndroidManifest.xml:11:5-68
20-->src/main/AndroidManifest.xml:11:22-65
21    <uses-permission android:name="android.permission.READ_PHONE_STATE" />
21-->src/main/AndroidManifest.xml:12:5-75
21-->src/main/AndroidManifest.xml:12:22-72
22    <uses-permission android:name="android.permission.ACCESS_COARSE_LOCATION" />
22-->src/main/AndroidManifest.xml:13:5-81
22-->src/main/AndroidManifest.xml:13:22-78
23
24    <application
24-->src/main/AndroidManifest.xml:15:5-47:19
25        android:name="io.flutter.app.FlutterApplication"
25-->src/main/AndroidManifest.xml:16:9-57
26        android:allowBackup="true"
26-->[:AuttarPaymentSDK-homolog-2.1.3:] AndroidManifest.xml:24:9-35
27        android:appComponentFactory="androidx.core.app.CoreComponentFactory"
27-->[androidx.core:core:1.0.0] AndroidManifest.xml:22:18-86
28        android:debuggable="true"
29        android:icon="@mipmap/ic_launcher"
29-->src/main/AndroidManifest.xml:17:9-43
30        android:label="pdx"
30-->src/main/AndroidManifest.xml:18:9-28
31        android:supportsRtl="true"
31-->[:AuttarPaymentSDK-homolog-2.1.3:] AndroidManifest.xml:25:9-35
32        android:theme="@style/Theme.AppCompat.Light" >
32-->src/main/AndroidManifest.xml:19:9-53
33        <uses-library
33-->src/main/AndroidManifest.xml:20:9-22:40
34            android:name="org.apache.http.legacy"
34-->src/main/AndroidManifest.xml:21:13-50
35            android:required="false" />
35-->src/main/AndroidManifest.xml:22:13-37
36
37        <activity
37-->src/main/AndroidManifest.xml:23:9-46:20
38            android:name="com.modanez.pdx.pdx.MainActivity"
38-->src/main/AndroidManifest.xml:24:13-41
39            android:configChanges="orientation|keyboardHidden|keyboard|screenSize|locale|layoutDirection|fontScale|screenLayout|density|uiMode"
39-->src/main/AndroidManifest.xml:25:13-144
40            android:hardwareAccelerated="true"
40-->src/main/AndroidManifest.xml:26:13-47
41            android:launchMode="singleTop"
41-->src/main/AndroidManifest.xml:27:13-43
42            android:theme="@style/Theme.AppCompat"
42-->src/main/AndroidManifest.xml:28:13-51
43            android:windowSoftInputMode="adjustResize" >
43-->src/main/AndroidManifest.xml:29:13-55
44
45            <!--
46                 This keeps the window background of the activity showing
47                 until Flutter renders its first frame. It can be removed if
48                 there is no splash screen (such as the default splash screen
49                 defined in @style/LaunchTheme).
50            -->
51            <meta-data
51-->src/main/AndroidManifest.xml:37:13-39:40
52                android:name="io.flutter.app.android.SplashScreenUntilFirstFrame"
52-->src/main/AndroidManifest.xml:38:17-82
53                android:value="true" />
53-->src/main/AndroidManifest.xml:39:17-37
54
55            <intent-filter>
55-->src/main/AndroidManifest.xml:41:13-45:29
56                <action android:name="android.intent.action.MAIN" />
56-->src/main/AndroidManifest.xml:42:17-69
56-->src/main/AndroidManifest.xml:42:25-66
57
58                <category android:name="android.intent.category.LAUNCHER" />
58-->src/main/AndroidManifest.xml:44:17-77
58-->src/main/AndroidManifest.xml:44:27-74
59            </intent-filter>
60        </activity>
61        <activity
61-->[:AuttarPaymentSDK-homolog-2.1.3:] AndroidManifest.xml:26:9-41:20
62            android:name="br.com.auttar.libctfclient.ui.CTFClientActivity"
62-->[:AuttarPaymentSDK-homolog-2.1.3:] AndroidManifest.xml:27:13-75
63            android:configChanges="orientation|keyboardHidden|screenSize"
63-->[:AuttarPaymentSDK-homolog-2.1.3:] AndroidManifest.xml:28:13-74
64            android:label="@string/libctfclient_app_name"
64-->[:AuttarPaymentSDK-homolog-2.1.3:] AndroidManifest.xml:29:13-58
65            android:theme="@style/LibCTFClient.AppTheme" >
65-->[:AuttarPaymentSDK-homolog-2.1.3:] AndroidManifest.xml:30:13-57
66            <intent-filter>
66-->[:AuttarPaymentSDK-homolog-2.1.3:] AndroidManifest.xml:31:13-40:29
67                <action android:name="android.intent.action.MAIN" />
67-->src/main/AndroidManifest.xml:42:17-69
67-->src/main/AndroidManifest.xml:42:25-66
68                <action android:name="br.com.auttar.mobile.ctfclient.intent.action.CTFCLIENT" />
68-->[:AuttarPaymentSDK-homolog-2.1.3:] AndroidManifest.xml:33:17-97
68-->[:AuttarPaymentSDK-homolog-2.1.3:] AndroidManifest.xml:33:25-94
69
70                <category android:name="android.intent.category.DEFAULT" />
70-->[:AuttarPaymentSDK-homolog-2.1.3:] AndroidManifest.xml:35:17-76
70-->[:AuttarPaymentSDK-homolog-2.1.3:] AndroidManifest.xml:35:27-73
71                <!--
72                                    <category android:name="android.intent.category.BROWSABLE" />
73                                <data android:scheme="ctfclient" />
74                -->
75            </intent-filter>
76        </activity>
77        <activity
77-->[:AuttarPaymentSDK-homolog-2.1.3:] AndroidManifest.xml:42:9-46:20
78            android:name="br.com.auttar.libctfclient.ui.ConfiguracaoActivity"
78-->[:AuttarPaymentSDK-homolog-2.1.3:] AndroidManifest.xml:43:13-78
79            android:label="@string/title_activity_configuracao"
79-->[:AuttarPaymentSDK-homolog-2.1.3:] AndroidManifest.xml:44:13-64
80            android:theme="@style/Settings" >
80-->[:AuttarPaymentSDK-homolog-2.1.3:] AndroidManifest.xml:45:13-44
81        </activity>
82        <activity
82-->[:AuttarPaymentSDK-homolog-2.1.3:] AndroidManifest.xml:47:9-57:20
83            android:name="br.com.auttar.libctfclient.ui.ConfiguracaoPinpadActivity"
83-->[:AuttarPaymentSDK-homolog-2.1.3:] AndroidManifest.xml:48:13-84
84            android:label="@string/title_activity_configuracao_pinpad"
84-->[:AuttarPaymentSDK-homolog-2.1.3:] AndroidManifest.xml:49:13-71
85            android:theme="@style/DialogTheme" >
85-->[:AuttarPaymentSDK-homolog-2.1.3:] AndroidManifest.xml:50:13-47
86            <intent-filter>
86-->[:AuttarPaymentSDK-homolog-2.1.3:] AndroidManifest.xml:51:13-56:29
87                <action android:name="android.intent.action.MAIN" />
87-->src/main/AndroidManifest.xml:42:17-69
87-->src/main/AndroidManifest.xml:42:25-66
88                <action android:name="br.com.auttar.mobile.ctfclient.intent.action.CONFIG_PINPAD" />
88-->[:AuttarPaymentSDK-homolog-2.1.3:] AndroidManifest.xml:53:17-101
88-->[:AuttarPaymentSDK-homolog-2.1.3:] AndroidManifest.xml:53:25-98
89
90                <category android:name="android.intent.category.DEFAULT" />
90-->[:AuttarPaymentSDK-homolog-2.1.3:] AndroidManifest.xml:35:17-76
90-->[:AuttarPaymentSDK-homolog-2.1.3:] AndroidManifest.xml:35:27-73
91            </intent-filter>
92        </activity>
93        <activity
93-->[:AuttarPaymentSDK-homolog-2.1.3:] AndroidManifest.xml:58:9-62:20
94            android:name="br.com.auttar.libctfclient.ui.LoginActivity"
94-->[:AuttarPaymentSDK-homolog-2.1.3:] AndroidManifest.xml:59:13-71
95            android:label="@string/title_activity_login"
95-->[:AuttarPaymentSDK-homolog-2.1.3:] AndroidManifest.xml:60:13-57
96            android:windowSoftInputMode="adjustResize|stateVisible" >
96-->[:AuttarPaymentSDK-homolog-2.1.3:] AndroidManifest.xml:61:13-68
97        </activity>
98        <activity
98-->[:AuttarPaymentSDK-homolog-2.1.3:] AndroidManifest.xml:63:9-73:20
99            android:name="br.com.auttar.libctfclient.ui.TokenSegurancaActivity"
99-->[:AuttarPaymentSDK-homolog-2.1.3:] AndroidManifest.xml:64:13-80
100            android:label="@string/title_activity_token_seguranca"
100-->[:AuttarPaymentSDK-homolog-2.1.3:] AndroidManifest.xml:65:13-67
101            android:theme="@style/DialogTheme" >
101-->[:AuttarPaymentSDK-homolog-2.1.3:] AndroidManifest.xml:66:13-47
102            <intent-filter>
102-->[:AuttarPaymentSDK-homolog-2.1.3:] AndroidManifest.xml:67:13-72:29
103                <action android:name="android.intent.action.MAIN" />
103-->src/main/AndroidManifest.xml:42:17-69
103-->src/main/AndroidManifest.xml:42:25-66
104                <action android:name="br.com.auttar.mobile.ctfclient.intent.action.TOKEN_SEGURANCA" />
104-->[:AuttarPaymentSDK-homolog-2.1.3:] AndroidManifest.xml:69:17-103
104-->[:AuttarPaymentSDK-homolog-2.1.3:] AndroidManifest.xml:69:25-100
105
106                <category android:name="android.intent.category.DEFAULT" />
106-->[:AuttarPaymentSDK-homolog-2.1.3:] AndroidManifest.xml:35:17-76
106-->[:AuttarPaymentSDK-homolog-2.1.3:] AndroidManifest.xml:35:27-73
107            </intent-filter>
108        </activity>
109        <activity
109-->[:AuttarPaymentSDK-homolog-2.1.3:] AndroidManifest.xml:74:9-84:20
110            android:name="br.com.auttar.libctfclient.ui.SenhaActivity"
110-->[:AuttarPaymentSDK-homolog-2.1.3:] AndroidManifest.xml:75:13-71
111            android:label="@string/title_activity_senha"
111-->[:AuttarPaymentSDK-homolog-2.1.3:] AndroidManifest.xml:76:13-57
112            android:theme="@style/DialogTheme" >
112-->[:AuttarPaymentSDK-homolog-2.1.3:] AndroidManifest.xml:77:13-47
113            <intent-filter>
113-->[:AuttarPaymentSDK-homolog-2.1.3:] AndroidManifest.xml:78:13-83:29
114                <action android:name="android.intent.action.MAIN" />
114-->src/main/AndroidManifest.xml:42:17-69
114-->src/main/AndroidManifest.xml:42:25-66
115                <action android:name="br.com.auttar.mobile.ctfclient.intent.action.ALTERAR_SENHA" />
115-->[:AuttarPaymentSDK-homolog-2.1.3:] AndroidManifest.xml:80:17-101
115-->[:AuttarPaymentSDK-homolog-2.1.3:] AndroidManifest.xml:80:25-98
116
117                <category android:name="android.intent.category.DEFAULT" />
117-->[:AuttarPaymentSDK-homolog-2.1.3:] AndroidManifest.xml:35:17-76
117-->[:AuttarPaymentSDK-homolog-2.1.3:] AndroidManifest.xml:35:27-73
118            </intent-filter>
119        </activity>
120    </application>
121
122</manifest>